<?xml version="1.0" encoding="UTF-8"?>
<!-- Generated by org.testng.reporters.JUnitReportReporter -->
<testsuite hostname="DESKTOP-JE8BUFR" failures="0" tests="1" name="test.LoginTest" time="5.363" errors="0" timestamp="2023-07-14T12:25:09 GMT-05:00" skipped="0">
  <testcase classname="test.LoginTest" name="ValidUserShoulBeAbleToLogin" time="5.363"/>
</testsuite> <!-- test.LoginTest -->
