<?xml version="1.0" encoding="UTF-8"?>
<!-- Generated by org.testng.reporters.JUnitReportReporter -->
<testsuite hostname="DESKTOP-JE8BUFR" failures="0" tests="1" name="test.AddCustomerTest" time="13.742" errors="0" timestamp="2023-08-22T18:02:26 GMT-05:00" skipped="0">
  <testcase classname="test.AddCustomerTest" name="userShouldBeAbleToAddCustomer" time="13.742"/>
</testsuite> <!-- test.AddCustomerTest -->
